0 info it worked if it ends with ok
1 verbose cli [ 'D:\\Programs\\nodejs\\node.exe',
1 verbose cli   'D:\\Programs\\nodejs\\node_modules\\npm\\bin\\npm-cli.js',
1 verbose cli   'start' ]
2 info using npm@3.10.10
3 info using node@v6.11.3
4 verbose run-script [ 'prestart', 'start', 'poststart' ]
5 info lifecycle ratemycourse@1.0.0~prestart: ratemycourse@1.0.0
6 silly lifecycle ratemycourse@1.0.0~prestart: no script for prestart, continuing
7 info lifecycle ratemycourse@1.0.0~start: ratemycourse@1.0.0
8 verbose lifecycle ratemycourse@1.0.0~start: unsafe-perm in lifecycle true
9 verbose lifecycle ratemycourse@1.0.0~start: PATH: D:\Programs\nodejs\node_modules\npm\bin\node-gyp-bin;D:\Programming\Projekt\ratemycourse\frontend\node_modules\.bin;C:\Users\johan\bin;D:\Programs\Git\mingw64\bin;D:\Programs\Git\usr\local\bin;D:\Programs\Git\usr\bin;D:\Programs\Git\usr\bin;D:\Programs\Git\mingw64\bin;D:\Programs\Git\usr\bin;C:\Users\johan\bin;C:\WINDOWS\system32;C:\WINDOWS;C:\WINDOWS\System32\Wbem;C:\WINDOWS\System32\WindowsPowerShell\v1.0;D:\Programs\nodejs;D:\Programs\Git\cmd;C:\Program Files\Java\jre-9\jdk1.8.0_144\bin;C:\Program Files\PuTTY;C:\Users\johan\Google Drive\Skola\XML for Publishing\Extralabb5\fop-0.94;D:\Programs\Python36\Scripts;D:\Programs\Python36;C:\Users\johan\AppData\Local\Microsoft\WindowsApps;C:\Users\johan\AppData\Roaming\Dashlane\4.8.7.35982\bin\Firefox_Extension\{442718d9-475e-452a-b3e1-fb1ee16b8e9f}\components;C:\Users\johan\AppData\Roaming\Dashlane\4.8.7.35982\ucrt;C:\Users\johan\AppData\Roaming\npm;D:\Programs\PostgreSQL\bin;C:\Program Files\Java\jdk1.8.0_144\bin;C:\Users\johan\AppData\Local\atom\bin;C:\tools\libxml;C:\Users\johan\AppData\Local\Microsoft\WindowsApps;C:\Users\johan\AppData\Roaming\Dashlane\5.2.0.12122\bin\Firefox_Extension\{442718d9-475e-452a-b3e1-fb1ee16b8e9f}\components;C:\Users\johan\AppData\Roaming\Dashlane\5.2.0.12122\ucrt;D:\Programs\Git\usr\bin\vendor_perl;D:\Programs\Git\usr\bin\core_perl
10 verbose lifecycle ratemycourse@1.0.0~start: CWD: D:\Programming\Projekt\ratemycourse\frontend
11 silly lifecycle ratemycourse@1.0.0~start: Args: [ '/d /s /c', 'webpack-dev-server' ]
12 silly lifecycle ratemycourse@1.0.0~start: Returned: code: 3221225786  signal: null
13 info lifecycle ratemycourse@1.0.0~start: Failed to exec start script
14 verbose stack Error: ratemycourse@1.0.0 start: `webpack-dev-server`
14 verbose stack Exit status 3221225786
14 verbose stack     at EventEmitter.<anonymous> (D:\Programs\nodejs\node_modules\npm\lib\utils\lifecycle.js:255:16)
14 verbose stack     at emitTwo (events.js:106:13)
14 verbose stack     at EventEmitter.emit (events.js:191:7)
14 verbose stack     at ChildProcess.<anonymous> (D:\Programs\nodejs\node_modules\npm\lib\utils\spawn.js:40:14)
14 verbose stack     at emitTwo (events.js:106:13)
14 verbose stack     at ChildProcess.emit (events.js:191:7)
14 verbose stack     at maybeClose (internal/child_process.js:920:16)
14 verbose stack     at Process.ChildProcess._handle.onexit (internal/child_process.js:230:5)
15 verbose pkgid ratemycourse@1.0.0
16 verbose cwd D:\Programming\Projekt\ratemycourse\frontend
17 error Windows_NT 10.0.16299
18 error argv "D:\\Programs\\nodejs\\node.exe" "D:\\Programs\\nodejs\\node_modules\\npm\\bin\\npm-cli.js" "start"
19 error node v6.11.3
20 error npm  v3.10.10
21 error code ELIFECYCLE
22 error ratemycourse@1.0.0 start: `webpack-dev-server`
22 error Exit status 3221225786
23 error Failed at the ratemycourse@1.0.0 start script 'webpack-dev-server'.
23 error Make sure you have the latest version of node.js and npm installed.
23 error If you do, this is most likely a problem with the ratemycourse package,
23 error not with npm itself.
23 error Tell the author that this fails on your system:
23 error     webpack-dev-server
23 error You can get information on how to open an issue for this project with:
23 error     npm bugs ratemycourse
23 error Or if that isn't available, you can get their info via:
23 error     npm owner ls ratemycourse
23 error There is likely additional logging output above.
24 verbose exit [ 1, true ]
